{
"contracts/SimpleStorage.sol":{"l":{"21":1,"25":2,"29":0,"30":0},"path":"/home/kimsh415/hardhat-simple-storage-fcc/contracts/SimpleStorage.sol","s":{"1":1,"2":2,"3":0,"4":0},"b":{},"f":{"1":1,"2":2,"3":0},"fnMap":{"1":{"name":"store","line":20,"loc":{"start":{"line":20,"column":2},"end":{"line":22,"column":2}}},"2":{"name":"retrieve","line":24,"loc":{"start":{"line":24,"column":2},"end":{"line":26,"column":2}}},"3":{"name":"addPerson","line":28,"loc":{"start":{"line":28,"column":2},"end":{"line":31,"column":2}}}},"statementMap":{"1":{"start":{"line":21,"column":4},"end":{"line":21,"column":35}},"2":{"start":{"line":25,"column":4},"end":{"line":25,"column":25}},"3":{"start":{"line":29,"column":4},"end":{"line":29,"column":46}},"4":{"start":{"line":30,"column":4},"end":{"line":30,"column":48}}},"branchMap":{}}}
